This file contains any messages produced by compilers while
running configure, to aid debugging if configure makes a mistake.

It was created by sidd configure 1.0, which was
generated by GNU Autoconf 2.59.  Invocation command line was

  $ ./configure --includedir=/usr/include

## --------- ##
## Platform. ##
## --------- ##

hostname = mmahut
uname -m = i686
uname -r = 2.6.26.6-49.fc8
uname -s = Linux
uname -v = #1 SMP Fri Oct 17 15:59:36 EDT 2008

/usr/bin/uname -p = unknown
/bin/uname -X     = unknown

/bin/arch              = i686
/usr/bin/arch -k       = unknown
/usr/convex/getsysinfo = unknown
hostinfo               = unknown
/bin/machine           = unknown
/usr/bin/oslevel       = unknown
/bin/universe          = unknown

PATH: /usr/lib/qt-3.3/bin
PATH: /usr/kerberos/bin
PATH: /usr/lib/ccache
PATH: /usr/local/bin
PATH: /usr/bin
PATH: /bin
PATH: /usr/X11R6/bin
PATH: /home/mmahut/bin


## ----------- ##
## Core tests. ##
## ----------- ##

configure:1357: checking for gcc
configure:1373: found /usr/lib/ccache/gcc
configure:1383: result: gcc
configure:1627: checking for C compiler version
configure:1630: gcc --version </dev/null >&5
gcc (GCC) 4.1.2 20070925 (Red Hat 4.1.2-33)
Copyright (C) 2006 Free Software Foundation, Inc.
This is free software; see the source for copying conditions.  There is NO
warranty; not even for MERCHANTABILITY or FITNESS FOR A PARTICULAR PURPOSE.

configure:1633: $? = 0
configure:1635: gcc -v </dev/null >&5
Using built-in specs.
Target: i386-redhat-linux
Configured with: ../configure --prefix=/usr --mandir=/usr/share/man --infodir=/usr/share/info --enable-shared --enable-threads=posix --enable-checking=release --with-system-zlib --enable-__cxa_atexit --disable-libunwind-exceptions --enable-languages=c,c++,objc,obj-c++,java,fortran,ada --enable-java-awt=gtk --disable-dssi --enable-plugin --with-java-home=/usr/lib/jvm/java-1.5.0-gcj-1.5.0.0/jre --enable-libgcj-multifile --enable-java-maintainer-mode --with-ecj-jar=/usr/share/java/eclipse-ecj.jar --with-cpu=generic --host=i386-redhat-linux
Thread model: posix
gcc version 4.1.2 20070925 (Red Hat 4.1.2-33)
configure:1638: $? = 0
configure:1640: gcc -V </dev/null >&5
gcc: '-V' option must have argument
configure:1643: $? = 1
configure:1666: checking for C compiler default output file name
configure:1669: gcc    conftest.c  >&5
configure:1672: $? = 0
configure:1718: result: a.out
configure:1723: checking whether the C compiler works
configure:1729: ./a.out
configure:1732: $? = 0
configure:1749: result: yes
configure:1756: checking whether we are cross compiling
configure:1758: result: no
configure:1761: checking for suffix of executables
configure:1763: gcc -o conftest    conftest.c  >&5
configure:1766: $? = 0
configure:1791: result: 
configure:1797: checking for suffix of object files
configure:1818: gcc -c   conftest.c >&5
configure:1821: $? = 0
configure:1843: result: o
configure:1847: checking whether we are using the GNU C compiler
configure:1871: gcc -c   conftest.c >&5
configure:1877: $? = 0
configure:1881: test -z 
			 || test ! -s conftest.err
configure:1884: $? = 0
configure:1887: test -s conftest.o
configure:1890: $? = 0
configure:1903: result: yes
configure:1909: checking whether gcc accepts -g
configure:1930: gcc -c -g  conftest.c >&5
configure:1936: $? = 0
configure:1940: test -z 
			 || test ! -s conftest.err
configure:1943: $? = 0
configure:1946: test -s conftest.o
configure:1949: $? = 0
configure:1960: result: yes
configure:1977: checking for gcc option to accept ANSI C
configure:2047: gcc  -c -g -O2  conftest.c >&5
configure:2053: $? = 0
configure:2057: test -z 
			 || test ! -s conftest.err
configure:2060: $? = 0
configure:2063: test -s conftest.o
configure:2066: $? = 0
configure:2084: result: none needed
configure:2102: gcc -c -g -O2  conftest.c >&5
conftest.c:2: error: expected '=', ',', ';', 'asm' or '__attribute__' before 'me'
configure:2108: $? = 1
configure: failed program was:
| #ifndef __cplusplus
|   choke me
| #endif
configure:2248: checking whether byte ordering is bigendian
configure:2275: gcc -c -g -O2 -Wall  conftest.c >&5
configure:2281: $? = 0
configure:2285: test -z 
			 || test ! -s conftest.err
configure:2288: $? = 0
configure:2291: test -s conftest.o
configure:2294: $? = 0
configure:2318: gcc -c -g -O2 -Wall  conftest.c >&5
conftest.c: In function 'main':
conftest.c:16: error: 'not' undeclared (first use in this function)
conftest.c:16: error: (Each undeclared identifier is reported only once
conftest.c:16: error: for each function it appears in.)
conftest.c:16: error: expected ';' before 'big'
configure:2324: $? = 1
configure: failed program was:
| /* confdefs.h.  */
| 
| #define PACKAGE_NAME "sidd"
| #define PACKAGE_TARNAME "sidd"
| #define PACKAGE_VERSION "1.0"
| #define PACKAGE_STRING "sidd 1.0"
| #define PACKAGE_BUGREPORT "sid0807@abelian.org"
| /* end confdefs.h.  */
| #include <sys/types.h>
| #include <sys/param.h>
| 
| int
| main ()
| {
| #if BYTE_ORDER != BIG_ENDIAN
|  not big endian
| #endif
| 
|   ;
|   return 0;
| }
configure:2459: result: no
configure:2485: checking for special C compiler options needed for large files
configure:2584: result: no
configure:2590: checking for _FILE_OFFSET_BITS value needed for large files
configure:2621: gcc -c -g -O2 -Wall  conftest.c >&5
conftest.c:15: warning: left shift count >= width of type
conftest.c:15: warning: left shift count >= width of type
conftest.c:17: error: size of array 'off_t_is_large' is negative
configure:2627: $? = 1
configure: failed program was:
| /* confdefs.h.  */
| 
| #define PACKAGE_NAME "sidd"
| #define PACKAGE_TARNAME "sidd"
| #define PACKAGE_VERSION "1.0"
| #define PACKAGE_STRING "sidd 1.0"
| #define PACKAGE_BUGREPORT "sid0807@abelian.org"
| /* end confdefs.h.  */
| #include <sys/types.h>
|  /* Check that off_t can represent 2**63 - 1 correctly.
|     We can't simply define LARGE_OFF_T to be 9223372036854775807,
|     since some C++ compilers masquerading as C compilers
|     incorrectly reject 9223372036854775807.  */
| #define LARGE_OFF_T (((off_t) 1 << 62) - 1 + ((off_t) 1 << 62))
|   int off_t_is_large[(LARGE_OFF_T % 2147483629 == 721
| 		       && LARGE_OFF_T % 2147483647 == 1)
| 		      ? 1 : -1];
| int
| main ()
| {
| 
|   ;
|   return 0;
| }
configure:2674: gcc -c -g -O2 -Wall  conftest.c >&5
configure:2680: $? = 0
configure:2684: test -z 
			 || test ! -s conftest.err
configure:2687: $? = 0
configure:2690: test -s conftest.o
configure:2693: $? = 0
configure:2705: result: 64
configure:2715: checking for _LARGE_FILES value needed for large files
configure:2746: gcc -c -g -O2 -Wall  conftest.c >&5
configure:2752: $? = 0
configure:2756: test -z 
			 || test ! -s conftest.err
configure:2759: $? = 0
configure:2762: test -s conftest.o
configure:2765: $? = 0
configure:2830: result: no
configure:2842: checking for long file names
configure:2881: result: yes
configure:2896: checking how to run the C preprocessor
configure:2931: gcc -E  conftest.c
configure:2937: $? = 0
configure:2969: gcc -E  conftest.c
conftest.c:11:28: error: ac_nonexistent.h: No such file or directory
configure:2975: $? = 1
configure: failed program was:
| /* confdefs.h.  */
| 
| #define PACKAGE_NAME "sidd"
| #define PACKAGE_TARNAME "sidd"
| #define PACKAGE_VERSION "1.0"
| #define PACKAGE_STRING "sidd 1.0"
| #define PACKAGE_BUGREPORT "sid0807@abelian.org"
| #define _FILE_OFFSET_BITS 64
| #define HAVE_LONG_FILE_NAMES 1
| /* end confdefs.h.  */
| #include <ac_nonexistent.h>
configure:3014: result: gcc -E
configure:3038: gcc -E  conftest.c
configure:3044: $? = 0
configure:3076: gcc -E  conftest.c
conftest.c:11:28: error: ac_nonexistent.h: No such file or directory
configure:3082: $? = 1
configure: failed program was:
| /* confdefs.h.  */
| 
| #define PACKAGE_NAME "sidd"
| #define PACKAGE_TARNAME "sidd"
| #define PACKAGE_VERSION "1.0"
| #define PACKAGE_STRING "sidd 1.0"
| #define PACKAGE_BUGREPORT "sid0807@abelian.org"
| #define _FILE_OFFSET_BITS 64
| #define HAVE_LONG_FILE_NAMES 1
| /* end confdefs.h.  */
| #include <ac_nonexistent.h>
configure:3126: checking for egrep
configure:3136: result: grep -E
configure:3141: checking for ANSI C header files
configure:3166: gcc -c -g -O2 -Wall  conftest.c >&5
configure:3172: $? = 0
configure:3176: test -z 
			 || test ! -s conftest.err
configure:3179: $? = 0
configure:3182: test -s conftest.o
configure:3185: $? = 0
configure:3274: gcc -o conftest -g -O2 -Wall   conftest.c  >&5
conftest.c: In function 'main':
conftest.c:28: warning: implicit declaration of function 'exit'
conftest.c:28: warning: incompatible implicit declaration of built-in function 'exit'
configure:3277: $? = 0
configure:3279: ./conftest
configure:3282: $? = 0
configure:3297: result: yes
configure:3307: checking for sys/wait.h that is POSIX.1 compatible
configure:3338: gcc -c -g -O2 -Wall  conftest.c >&5
configure:3344: $? = 0
configure:3348: test -z 
			 || test ! -s conftest.err
configure:3351: $? = 0
configure:3354: test -s conftest.o
configure:3357: $? = 0
configure:3368: result: yes
configure:3392: checking for sys/types.h
configure:3408: gcc -c -g -O2 -Wall  conftest.c >&5
configure:3414: $? = 0
configure:3418: test -z 
			 || test ! -s conftest.err
configure:3421: $? = 0
configure:3424: test -s conftest.o
configure:3427: $? = 0
configure:3438: result: yes
configure:3392: checking for sys/stat.h
configure:3408: gcc -c -g -O2 -Wall  conftest.c >&5
configure:3414: $? = 0
configure:3418: test -z 
			 || test ! -s conftest.err
configure:3421: $? = 0
configure:3424: test -s conftest.o
configure:3427: $? = 0
configure:3438: result: yes
configure:3392: checking for stdlib.h
configure:3408: gcc -c -g -O2 -Wall  conftest.c >&5
configure:3414: $? = 0
configure:3418: test -z 
			 || test ! -s conftest.err
configure:3421: $? = 0
configure:3424: test -s conftest.o
configure:3427: $? = 0
configure:3438: result: yes
configure:3392: checking for string.h
configure:3408: gcc -c -g -O2 -Wall  conftest.c >&5
configure:3414: $? = 0
configure:3418: test -z 
			 || test ! -s conftest.err
configure:3421: $? = 0
configure:3424: test -s conftest.o
configure:3427: $? = 0
configure:3438: result: yes
configure:3392: checking for memory.h
configure:3408: gcc -c -g -O2 -Wall  conftest.c >&5
configure:3414: $? = 0
configure:3418: test -z 
			 || test ! -s conftest.err
configure:3421: $? = 0
configure:3424: test -s conftest.o
configure:3427: $? = 0
configure:3438: result: yes
configure:3392: checking for strings.h
configure:3408: gcc -c -g -O2 -Wall  conftest.c >&5
configure:3414: $? = 0
configure:3418: test -z 
			 || test ! -s conftest.err
configure:3421: $? = 0
configure:3424: test -s conftest.o
configure:3427: $? = 0
configure:3438: result: yes
configure:3392: checking for inttypes.h
configure:3408: gcc -c -g -O2 -Wall  conftest.c >&5
configure:3414: $? = 0
configure:3418: test -z 
			 || test ! -s conftest.err
configure:3421: $? = 0
configure:3424: test -s conftest.o
configure:3427: $? = 0
configure:3438: result: yes
configure:3392: checking for stdint.h
configure:3408: gcc -c -g -O2 -Wall  conftest.c >&5
configure:3414: $? = 0
configure:3418: test -z 
			 || test ! -s conftest.err
configure:3421: $? = 0
configure:3424: test -s conftest.o
configure:3427: $? = 0
configure:3438: result: yes
configure:3392: checking for unistd.h
configure:3408: gcc -c -g -O2 -Wall  conftest.c >&5
configure:3414: $? = 0
configure:3418: test -z 
			 || test ! -s conftest.err
configure:3421: $? = 0
configure:3424: test -s conftest.o
configure:3427: $? = 0
configure:3438: result: yes
configure:3469: checking fcntl.h usability
configure:3481: gcc -c -g -O2 -Wall  conftest.c >&5
configure:3487: $? = 0
configure:3491: test -z 
			 || test ! -s conftest.err
configure:3494: $? = 0
configure:3497: test -s conftest.o
configure:3500: $? = 0
configure:3510: result: yes
configure:3514: checking fcntl.h presence
configure:3524: gcc -E  conftest.c
configure:3530: $? = 0
configure:3550: result: yes
configure:3585: checking for fcntl.h
configure:3592: result: yes
configure:3460: checking for stdint.h
configure:3465: result: yes
configure:3460: checking for stdlib.h
configure:3465: result: yes
configure:3460: checking for string.h
configure:3465: result: yes
configure:3469: checking sys/ioctl.h usability
configure:3481: gcc -c -g -O2 -Wall  conftest.c >&5
configure:3487: $? = 0
configure:3491: test -z 
			 || test ! -s conftest.err
configure:3494: $? = 0
configure:3497: test -s conftest.o
configure:3500: $? = 0
configure:3510: result: yes
configure:3514: checking sys/ioctl.h presence
configure:3524: gcc -E  conftest.c
configure:3530: $? = 0
configure:3550: result: yes
configure:3585: checking for sys/ioctl.h
configure:3592: result: yes
configure:3460: checking for unistd.h
configure:3465: result: yes
configure:3606: checking for inline
configure:3627: gcc -c -g -O2 -Wall  conftest.c >&5
configure:3633: $? = 0
configure:3637: test -z 
			 || test ! -s conftest.err
configure:3640: $? = 0
configure:3643: test -s conftest.o
configure:3646: $? = 0
configure:3658: result: inline
configure:3677: checking whether struct tm is in sys/time.h or time.h
configure:3700: gcc -c -g -O2 -Wall  conftest.c >&5
conftest.c: In function 'main':
conftest.c:34: warning: statement with no effect
configure:3706: $? = 0
configure:3710: test -z 
			 || test ! -s conftest.err
configure:3713: $? = 0
configure:3716: test -s conftest.o
configure:3719: $? = 0
configure:3730: result: time.h
configure:3741: checking for pid_t
configure:3765: gcc -c -g -O2 -Wall  conftest.c >&5
configure:3771: $? = 0
configure:3775: test -z 
			 || test ! -s conftest.err
configure:3778: $? = 0
configure:3781: test -s conftest.o
configure:3784: $? = 0
configure:3795: result: yes
configure:3813: checking for unistd.h
configure:3818: result: yes
configure:3822: checking vfork.h usability
configure:3834: gcc -c -g -O2 -Wall  conftest.c >&5
conftest.c:63:19: error: vfork.h: No such file or directory
configure:3840: $? = 1
configure: failed program was:
| /* confdefs.h.  */
| 
| #define PACKAGE_NAME "sidd"
| #define PACKAGE_TARNAME "sidd"
| #define PACKAGE_VERSION "1.0"
| #define PACKAGE_STRING "sidd 1.0"
| #define PACKAGE_BUGREPORT "sid0807@abelian.org"
| #define _FILE_OFFSET_BITS 64
| #define HAVE_LONG_FILE_NAMES 1
| #define STDC_HEADERS 1
| #define HAVE_SYS_WAIT_H 1
| #define HAVE_SYS_TYPES_H 1
| #define HAVE_SYS_STAT_H 1
| #define HAVE_STDLIB_H 1
| #define HAVE_STRING_H 1
| #define HAVE_MEMORY_H 1
| #define HAVE_STRINGS_H 1
| #define HAVE_INTTYPES_H 1
| #define HAVE_STDINT_H 1
| #define HAVE_UNISTD_H 1
| #define HAVE_FCNTL_H 1
| #define HAVE_STDINT_H 1
| #define HAVE_STDLIB_H 1
| #define HAVE_STRING_H 1
| #define HAVE_SYS_IOCTL_H 1
| #define HAVE_UNISTD_H 1
| #define HAVE_UNISTD_H 1
| /* end confdefs.h.  */
| #include <stdio.h>
| #if HAVE_SYS_TYPES_H
| # include <sys/types.h>
| #endif
| #if HAVE_SYS_STAT_H
| # include <sys/stat.h>
| #endif
| #if STDC_HEADERS
| # include <stdlib.h>
| # include <stddef.h>
| #else
| # if HAVE_STDLIB_H
| #  include <stdlib.h>
| # endif
| #endif
| #if HAVE_STRING_H
| # if !STDC_HEADERS && HAVE_MEMORY_H
| #  include <memory.h>
| # endif
| # include <string.h>
| #endif
| #if HAVE_STRINGS_H
| # include <strings.h>
| #endif
| #if HAVE_INTTYPES_H
| # include <inttypes.h>
| #else
| # if HAVE_STDINT_H
| #  include <stdint.h>
| # endif
| #endif
| #if HAVE_UNISTD_H
| # include <unistd.h>
| #endif
| #include <vfork.h>
configure:3863: result: no
configure:3867: checking vfork.h presence
configure:3877: gcc -E  conftest.c
conftest.c:29:19: error: vfork.h: No such file or directory
configure:3883: $? = 1
configure: failed program was:
| /* confdefs.h.  */
| 
| #define PACKAGE_NAME "sidd"
| #define PACKAGE_TARNAME "sidd"
| #define PACKAGE_VERSION "1.0"
| #define PACKAGE_STRING "sidd 1.0"
| #define PACKAGE_BUGREPORT "sid0807@abelian.org"
| #define _FILE_OFFSET_BITS 64
| #define HAVE_LONG_FILE_NAMES 1
| #define STDC_HEADERS 1
| #define HAVE_SYS_WAIT_H 1
| #define HAVE_SYS_TYPES_H 1
| #define HAVE_SYS_STAT_H 1
| #define HAVE_STDLIB_H 1
| #define HAVE_STRING_H 1
| #define HAVE_MEMORY_H 1
| #define HAVE_STRINGS_H 1
| #define HAVE_INTTYPES_H 1
| #define HAVE_STDINT_H 1
| #define HAVE_UNISTD_H 1
| #define HAVE_FCNTL_H 1
| #define HAVE_STDINT_H 1
| #define HAVE_STDLIB_H 1
| #define HAVE_STRING_H 1
| #define HAVE_SYS_IOCTL_H 1
| #define HAVE_UNISTD_H 1
| #define HAVE_UNISTD_H 1
| /* end confdefs.h.  */
| #include <vfork.h>
configure:3903: result: no
configure:3938: checking for vfork.h
configure:3945: result: no
configure:3963: checking for fork
configure:4020: gcc -o conftest -g -O2 -Wall   conftest.c  >&5
conftest.c:53: warning: conflicting types for built-in function 'fork'
configure:4026: $? = 0
configure:4030: test -z 
			 || test ! -s conftest.err
configure:4033: $? = 0
configure:4036: test -s conftest
configure:4039: $? = 0
configure:4051: result: yes
configure:3963: checking for vfork
configure:4020: gcc -o conftest -g -O2 -Wall   conftest.c  >&5
configure:4026: $? = 0
configure:4030: test -z 
			 || test ! -s conftest.err
configure:4033: $? = 0
configure:4036: test -s conftest
configure:4039: $? = 0
configure:4051: result: yes
configure:4062: checking for working fork
configure:4085: gcc -o conftest -g -O2 -Wall   conftest.c  >&5
conftest.c: In function 'main':
conftest.c:9: warning: implicit declaration of function 'fork'
conftest.c:10: warning: implicit declaration of function 'exit'
conftest.c:10: warning: incompatible implicit declaration of built-in function 'exit'
configure:4088: $? = 0
configure:4090: ./conftest
configure:4093: $? = 0
configure:4107: result: yes
configure:4128: checking for working vfork
configure:4261: result: yes
configure:4293: checking whether gcc needs -traditional
configure:4335: result: no
configure:4347: checking for stdlib.h
configure:4352: result: yes
configure:4492: checking for GNU libc compatible malloc
configure:4521: gcc -o conftest -g -O2 -Wall   conftest.c  >&5
configure:4524: $? = 0
configure:4526: ./conftest
configure:4529: $? = 0
configure:4543: result: yes
configure:4573: checking whether setpgrp takes no argument
configure:4605: gcc -o conftest -g -O2 -Wall   conftest.c  >&5
conftest.c: In function 'main':
conftest.c:45: warning: implicit declaration of function 'exit'
conftest.c:45: warning: incompatible implicit declaration of built-in function 'exit'
conftest.c:45: error: too many arguments to function 'setpgrp'
configure:4608: $? = 1
configure: program exited with status 1
configure: failed program was:
| /* confdefs.h.  */
| 
| #define PACKAGE_NAME "sidd"
| #define PACKAGE_TARNAME "sidd"
| #define PACKAGE_VERSION "1.0"
| #define PACKAGE_STRING "sidd 1.0"
| #define PACKAGE_BUGREPORT "sid0807@abelian.org"
| #define _FILE_OFFSET_BITS 64
| #define HAVE_LONG_FILE_NAMES 1
| #define STDC_HEADERS 1
| #define HAVE_SYS_WAIT_H 1
| #define HAVE_SYS_TYPES_H 1
| #define HAVE_SYS_STAT_H 1
| #define HAVE_STDLIB_H 1
| #define HAVE_STRING_H 1
| #define HAVE_MEMORY_H 1
| #define HAVE_STRINGS_H 1
| #define HAVE_INTTYPES_H 1
| #define HAVE_STDINT_H 1
| #define HAVE_UNISTD_H 1
| #define HAVE_FCNTL_H 1
| #define HAVE_STDINT_H 1
| #define HAVE_STDLIB_H 1
| #define HAVE_STRING_H 1
| #define HAVE_SYS_IOCTL_H 1
| #define HAVE_UNISTD_H 1
| #define HAVE_UNISTD_H 1
| #define HAVE_FORK 1
| #define HAVE_VFORK 1
| #define HAVE_WORKING_VFORK 1
| #define HAVE_WORKING_FORK 1
| #define HAVE_STDLIB_H 1
| #define HAVE_MALLOC 1
| /* end confdefs.h.  */
| #if HAVE_UNISTD_H
| # include <unistd.h>
| #endif
| 
| int
| main ()
| {
| /* If this system has a BSD-style setpgrp which takes arguments,
|   setpgrp(1, 1) will fail with ESRCH and return -1, in that case
|   exit successfully. */
|   exit (setpgrp (1,1) == -1 ? 0 : 1);
|   ;
|   return 0;
| }
configure:4627: result: yes
configure:4637: checking whether lstat dereferences a symlink specified with a trailing slash
configure:4668: gcc -o conftest -g -O2 -Wall   conftest.c  >&5
configure:4671: $? = 0
configure:4673: ./conftest
configure:4676: $? = 0
configure:4697: result: yes
configure:4718: checking whether stat accepts an empty string
configure:4743: gcc -o conftest -g -O2 -Wall   conftest.c  >&5
configure:4746: $? = 0
configure:4748: ./conftest
configure:4751: $? = 1
configure: program exited with status 1
configure: failed program was:
| /* confdefs.h.  */
| 
| #define PACKAGE_NAME "sidd"
| #define PACKAGE_TARNAME "sidd"
| #define PACKAGE_VERSION "1.0"
| #define PACKAGE_STRING "sidd 1.0"
| #define PACKAGE_BUGREPORT "sid0807@abelian.org"
| #define _FILE_OFFSET_BITS 64
| #define HAVE_LONG_FILE_NAMES 1
| #define STDC_HEADERS 1
| #define HAVE_SYS_WAIT_H 1
| #define HAVE_SYS_TYPES_H 1
| #define HAVE_SYS_STAT_H 1
| #define HAVE_STDLIB_H 1
| #define HAVE_STRING_H 1
| #define HAVE_MEMORY_H 1
| #define HAVE_STRINGS_H 1
| #define HAVE_INTTYPES_H 1
| #define HAVE_STDINT_H 1
| #define HAVE_UNISTD_H 1
| #define HAVE_FCNTL_H 1
| #define HAVE_STDINT_H 1
| #define HAVE_STDLIB_H 1
| #define HAVE_STRING_H 1
| #define HAVE_SYS_IOCTL_H 1
| #define HAVE_UNISTD_H 1
| #define HAVE_UNISTD_H 1
| #define HAVE_FORK 1
| #define HAVE_VFORK 1
| #define HAVE_WORKING_VFORK 1
| #define HAVE_WORKING_FORK 1
| #define HAVE_STDLIB_H 1
| #define HAVE_MALLOC 1
| #define SETPGRP_VOID 1
| #define LSTAT_FOLLOWS_SLASHED_SYMLINK 1
| /* end confdefs.h.  */
| #include <stdio.h>
| #if HAVE_SYS_TYPES_H
| # include <sys/types.h>
| #endif
| #if HAVE_SYS_STAT_H
| # include <sys/stat.h>
| #endif
| #if STDC_HEADERS
| # include <stdlib.h>
| # include <stddef.h>
| #else
| # if HAVE_STDLIB_H
| #  include <stdlib.h>
| # endif
| #endif
| #if HAVE_STRING_H
| # if !STDC_HEADERS && HAVE_MEMORY_H
| #  include <memory.h>
| # endif
| # include <string.h>
| #endif
| #if HAVE_STRINGS_H
| # include <strings.h>
| #endif
| #if HAVE_INTTYPES_H
| # include <inttypes.h>
| #else
| # if HAVE_STDINT_H
| #  include <stdint.h>
| # endif
| #endif
| #if HAVE_UNISTD_H
| # include <unistd.h>
| #endif
| int
| main ()
| {
| struct stat sbuf;
|   exit (stat ("", &sbuf) ? 1 : 0);
|   ;
|   return 0;
| }
configure:4765: result: no
configure:4787: checking for vprintf
configure:4844: gcc -o conftest -g -O2 -Wall   conftest.c  >&5
conftest.c:61: warning: conflicting types for built-in function 'vprintf'
configure:4850: $? = 0
configure:4854: test -z 
			 || test ! -s conftest.err
configure:4857: $? = 0
configure:4860: test -s conftest
configure:4863: $? = 0
configure:4875: result: yes
configure:4882: checking for _doprnt
configure:4939: gcc -o conftest -g -O2 -Wall   conftest.c  >&5
/tmp/ccCDMt39.o: In function `main':
/home/mmahut/fedora/sidd/sidd-1.0/conftest.c:77: undefined reference to `_doprnt'
/tmp/ccCDMt39.o:(.data+0x0): undefined reference to `_doprnt'
collect2: ld returned 1 exit status
configure:4945: $? = 1
configure: failed program was:
| /* confdefs.h.  */
| 
| #define PACKAGE_NAME "sidd"
| #define PACKAGE_TARNAME "sidd"
| #define PACKAGE_VERSION "1.0"
| #define PACKAGE_STRING "sidd 1.0"
| #define PACKAGE_BUGREPORT "sid0807@abelian.org"
| #define _FILE_OFFSET_BITS 64
| #define HAVE_LONG_FILE_NAMES 1
| #define STDC_HEADERS 1
| #define HAVE_SYS_WAIT_H 1
| #define HAVE_SYS_TYPES_H 1
| #define HAVE_SYS_STAT_H 1
| #define HAVE_STDLIB_H 1
| #define HAVE_STRING_H 1
| #define HAVE_MEMORY_H 1
| #define HAVE_STRINGS_H 1
| #define HAVE_INTTYPES_H 1
| #define HAVE_STDINT_H 1
| #define HAVE_UNISTD_H 1
| #define HAVE_FCNTL_H 1
| #define HAVE_STDINT_H 1
| #define HAVE_STDLIB_H 1
| #define HAVE_STRING_H 1
| #define HAVE_SYS_IOCTL_H 1
| #define HAVE_UNISTD_H 1
| #define HAVE_UNISTD_H 1
| #define HAVE_FORK 1
| #define HAVE_VFORK 1
| #define HAVE_WORKING_VFORK 1
| #define HAVE_WORKING_FORK 1
| #define HAVE_STDLIB_H 1
| #define HAVE_MALLOC 1
| #define SETPGRP_VOID 1
| #define LSTAT_FOLLOWS_SLASHED_SYMLINK 1
| #define HAVE_VPRINTF 1
| /* end confdefs.h.  */
| /* Define _doprnt to an innocuous variant, in case <limits.h> declares _doprnt.
|    For example, HP-UX 11i <limits.h> declares gettimeofday.  */
| #define _doprnt innocuous__doprnt
| 
| /* System header to define __stub macros and hopefully few prototypes,
|     which can conflict with char _doprnt (); below.
|     Prefer <limits.h> to <assert.h> if __STDC__ is defined, since
|     <limits.h> exists even on freestanding compilers.  */
| 
| #ifdef __STDC__
| # include <limits.h>
| #else
| # include <assert.h>
| #endif
| 
| #undef _doprnt
| 
| /* Override any gcc2 internal prototype to avoid an error.  */
| #ifdef __cplusplus
| extern "C"
| {
| #endif
| /* We use char because int might match the return type of a gcc2
|    builtin and then its argument prototype would still apply.  */
| char _doprnt ();
| /* The GNU C library defines this for functions which it implements
|     to always fail with ENOSYS.  Some functions are actually named
|     something starting with __ and the normal name is an alias.  */
| #if defined (__stub__doprnt) || defined (__stub____doprnt)
| choke me
| #else
| char (*f) () = _doprnt;
| #endif
| #ifdef __cplusplus
| }
| #endif
| 
| int
| main ()
| {
| return f != _doprnt;
|   ;
|   return 0;
| }
configure:4970: result: no
configure:4993: checking for memset
configure:5050: gcc -o conftest -g -O2 -Wall   conftest.c  >&5
conftest.c:62: warning: conflicting types for built-in function 'memset'
configure:5056: $? = 0
configure:5060: test -z 
			 || test ! -s conftest.err
configure:5063: $? = 0
configure:5066: test -s conftest
configure:5069: $? = 0
configure:5081: result: yes
configure:4993: checking for mkdir
configure:5050: gcc -o conftest -g -O2 -Wall   conftest.c  >&5
configure:5056: $? = 0
configure:5060: test -z 
			 || test ! -s conftest.err
configure:5063: $? = 0
configure:5066: test -s conftest
configure:5069: $? = 0
configure:5081: result: yes
configure:4993: checking for sqrt
configure:5050: gcc -o conftest -g -O2 -Wall   conftest.c  >&5
conftest.c:64: warning: conflicting types for built-in function 'sqrt'
/tmp/ccawrR4F.o: In function `main':
/home/mmahut/fedora/sidd/sidd-1.0/conftest.c:79: undefined reference to `sqrt'
/tmp/ccawrR4F.o:(.data+0x0): undefined reference to `sqrt'
collect2: ld returned 1 exit status
configure:5056: $? = 1
configure: failed program was:
| /* confdefs.h.  */
| 
| #define PACKAGE_NAME "sidd"
| #define PACKAGE_TARNAME "sidd"
| #define PACKAGE_VERSION "1.0"
| #define PACKAGE_STRING "sidd 1.0"
| #define PACKAGE_BUGREPORT "sid0807@abelian.org"
| #define _FILE_OFFSET_BITS 64
| #define HAVE_LONG_FILE_NAMES 1
| #define STDC_HEADERS 1
| #define HAVE_SYS_WAIT_H 1
| #define HAVE_SYS_TYPES_H 1
| #define HAVE_SYS_STAT_H 1
| #define HAVE_STDLIB_H 1
| #define HAVE_STRING_H 1
| #define HAVE_MEMORY_H 1
| #define HAVE_STRINGS_H 1
| #define HAVE_INTTYPES_H 1
| #define HAVE_STDINT_H 1
| #define HAVE_UNISTD_H 1
| #define HAVE_FCNTL_H 1
| #define HAVE_STDINT_H 1
| #define HAVE_STDLIB_H 1
| #define HAVE_STRING_H 1
| #define HAVE_SYS_IOCTL_H 1
| #define HAVE_UNISTD_H 1
| #define HAVE_UNISTD_H 1
| #define HAVE_FORK 1
| #define HAVE_VFORK 1
| #define HAVE_WORKING_VFORK 1
| #define HAVE_WORKING_FORK 1
| #define HAVE_STDLIB_H 1
| #define HAVE_MALLOC 1
| #define SETPGRP_VOID 1
| #define LSTAT_FOLLOWS_SLASHED_SYMLINK 1
| #define HAVE_VPRINTF 1
| #define HAVE_MEMSET 1
| #define HAVE_MKDIR 1
| /* end confdefs.h.  */
| /* Define sqrt to an innocuous variant, in case <limits.h> declares sqrt.
|    For example, HP-UX 11i <limits.h> declares gettimeofday.  */
| #define sqrt innocuous_sqrt
| 
| /* System header to define __stub macros and hopefully few prototypes,
|     which can conflict with char sqrt (); below.
|     Prefer <limits.h> to <assert.h> if __STDC__ is defined, since
|     <limits.h> exists even on freestanding compilers.  */
| 
| #ifdef __STDC__
| # include <limits.h>
| #else
| # include <assert.h>
| #endif
| 
| #undef sqrt
| 
| /* Override any gcc2 internal prototype to avoid an error.  */
| #ifdef __cplusplus
| extern "C"
| {
| #endif
| /* We use char because int might match the return type of a gcc2
|    builtin and then its argument prototype would still apply.  */
| char sqrt ();
| /* The GNU C library defines this for functions which it implements
|     to always fail with ENOSYS.  Some functions are actually named
|     something starting with __ and the normal name is an alias.  */
| #if defined (__stub_sqrt) || defined (__stub___sqrt)
| choke me
| #else
| char (*f) () = sqrt;
| #endif
| #ifdef __cplusplus
| }
| #endif
| 
| int
| main ()
| {
| return f != sqrt;
|   ;
|   return 0;
| }
configure:5081: result: no
configure:4993: checking for strchr
configure:5050: gcc -o conftest -g -O2 -Wall   conftest.c  >&5
conftest.c:64: warning: conflicting types for built-in function 'strchr'
configure:5056: $? = 0
configure:5060: test -z 
			 || test ! -s conftest.err
configure:5063: $? = 0
configure:5066: test -s conftest
configure:5069: $? = 0
configure:5081: result: yes
configure:4993: checking for strerror
configure:5050: gcc -o conftest -g -O2 -Wall   conftest.c  >&5
configure:5056: $? = 0
configure:5060: test -z 
			 || test ! -s conftest.err
configure:5063: $? = 0
configure:5066: test -s conftest
configure:5069: $? = 0
configure:5081: result: yes
configure:4993: checking for gettimeofday
configure:5050: gcc -o conftest -g -O2 -Wall   conftest.c  >&5
configure:5056: $? = 0
configure:5060: test -z 
			 || test ! -s conftest.err
configure:5063: $? = 0
configure:5066: test -s conftest
configure:5069: $? = 0
configure:5081: result: yes
configure:5097: checking for strcasecmp
configure:5154: gcc -o conftest -g -O2 -Wall   conftest.c  >&5
conftest.c:67: warning: conflicting types for built-in function 'strcasecmp'
configure:5160: $? = 0
configure:5164: test -z 
			 || test ! -s conftest.err
configure:5167: $? = 0
configure:5170: test -s conftest
configure:5173: $? = 0
configure:5185: result: yes
configure:5097: checking for rint
configure:5154: gcc -o conftest -g -O2 -Wall   conftest.c  >&5
conftest.c:68: warning: conflicting types for built-in function 'rint'
/tmp/ccyXQThg.o: In function `main':
/home/mmahut/fedora/sidd/sidd-1.0/conftest.c:83: undefined reference to `rint'
/tmp/ccyXQThg.o:(.data+0x0): undefined reference to `rint'
collect2: ld returned 1 exit status
configure:5160: $? = 1
configure: failed program was:
| /* confdefs.h.  */
| 
| #define PACKAGE_NAME "sidd"
| #define PACKAGE_TARNAME "sidd"
| #define PACKAGE_VERSION "1.0"
| #define PACKAGE_STRING "sidd 1.0"
| #define PACKAGE_BUGREPORT "sid0807@abelian.org"
| #define _FILE_OFFSET_BITS 64
| #define HAVE_LONG_FILE_NAMES 1
| #define STDC_HEADERS 1
| #define HAVE_SYS_WAIT_H 1
| #define HAVE_SYS_TYPES_H 1
| #define HAVE_SYS_STAT_H 1
| #define HAVE_STDLIB_H 1
| #define HAVE_STRING_H 1
| #define HAVE_MEMORY_H 1
| #define HAVE_STRINGS_H 1
| #define HAVE_INTTYPES_H 1
| #define HAVE_STDINT_H 1
| #define HAVE_UNISTD_H 1
| #define HAVE_FCNTL_H 1
| #define HAVE_STDINT_H 1
| #define HAVE_STDLIB_H 1
| #define HAVE_STRING_H 1
| #define HAVE_SYS_IOCTL_H 1
| #define HAVE_UNISTD_H 1
| #define HAVE_UNISTD_H 1
| #define HAVE_FORK 1
| #define HAVE_VFORK 1
| #define HAVE_WORKING_VFORK 1
| #define HAVE_WORKING_FORK 1
| #define HAVE_STDLIB_H 1
| #define HAVE_MALLOC 1
| #define SETPGRP_VOID 1
| #define LSTAT_FOLLOWS_SLASHED_SYMLINK 1
| #define HAVE_VPRINTF 1
| #define HAVE_MEMSET 1
| #define HAVE_MKDIR 1
| #define HAVE_STRCHR 1
| #define HAVE_STRERROR 1
| #define HAVE_GETTIMEOFDAY 1
| #define HAVE_STRCASECMP 1
| /* end confdefs.h.  */
| /* Define rint to an innocuous variant, in case <limits.h> declares rint.
|    For example, HP-UX 11i <limits.h> declares gettimeofday.  */
| #define rint innocuous_rint
| 
| /* System header to define __stub macros and hopefully few prototypes,
|     which can conflict with char rint (); below.
|     Prefer <limits.h> to <assert.h> if __STDC__ is defined, since
|     <limits.h> exists even on freestanding compilers.  */
| 
| #ifdef __STDC__
| # include <limits.h>
| #else
| # include <assert.h>
| #endif
| 
| #undef rint
| 
| /* Override any gcc2 internal prototype to avoid an error.  */
| #ifdef __cplusplus
| extern "C"
| {
| #endif
| /* We use char because int might match the return type of a gcc2
|    builtin and then its argument prototype would still apply.  */
| char rint ();
| /* The GNU C library defines this for functions which it implements
|     to always fail with ENOSYS.  Some functions are actually named
|     something starting with __ and the normal name is an alias.  */
| #if defined (__stub_rint) || defined (__stub___rint)
| choke me
| #else
| char (*f) () = rint;
| #endif
| #ifdef __cplusplus
| }
| #endif
| 
| int
| main ()
| {
| return f != rint;
|   ;
|   return 0;
| }
configure:5185: result: no
configure:5195: checking whether time.h and sys/time.h may both be included
configure:5220: gcc -c -g -O2 -Wall  conftest.c >&5
configure:5226: $? = 0
configure:5230: test -z 
			 || test ! -s conftest.err
configure:5233: $? = 0
configure:5236: test -s conftest.o
configure:5239: $? = 0
configure:5250: result: yes
configure:5261: checking for library containing sqrt
configure:5291: gcc -o conftest -g -O2 -Wall   conftest.c  >&5
conftest.c:52: warning: conflicting types for built-in function 'sqrt'
/tmp/ccMbtuAy.o: In function `main':
/home/mmahut/fedora/sidd/sidd-1.0/conftest.c:56: undefined reference to `sqrt'
collect2: ld returned 1 exit status
configure:5297: $? = 1
configure: failed program was:
| /* confdefs.h.  */
| 
| #define PACKAGE_NAME "sidd"
| #define PACKAGE_TARNAME "sidd"
| #define PACKAGE_VERSION "1.0"
| #define PACKAGE_STRING "sidd 1.0"
| #define PACKAGE_BUGREPORT "sid0807@abelian.org"
| #define _FILE_OFFSET_BITS 64
| #define HAVE_LONG_FILE_NAMES 1
| #define STDC_HEADERS 1
| #define HAVE_SYS_WAIT_H 1
| #define HAVE_SYS_TYPES_H 1
| #define HAVE_SYS_STAT_H 1
| #define HAVE_STDLIB_H 1
| #define HAVE_STRING_H 1
| #define HAVE_MEMORY_H 1
| #define HAVE_STRINGS_H 1
| #define HAVE_INTTYPES_H 1
| #define HAVE_STDINT_H 1
| #define HAVE_UNISTD_H 1
| #define HAVE_FCNTL_H 1
| #define HAVE_STDINT_H 1
| #define HAVE_STDLIB_H 1
| #define HAVE_STRING_H 1
| #define HAVE_SYS_IOCTL_H 1
| #define HAVE_UNISTD_H 1
| #define HAVE_UNISTD_H 1
| #define HAVE_FORK 1
| #define HAVE_VFORK 1
| #define HAVE_WORKING_VFORK 1
| #define HAVE_WORKING_FORK 1
| #define HAVE_STDLIB_H 1
| #define HAVE_MALLOC 1
| #define SETPGRP_VOID 1
| #define LSTAT_FOLLOWS_SLASHED_SYMLINK 1
| #define HAVE_VPRINTF 1
| #define HAVE_MEMSET 1
| #define HAVE_MKDIR 1
| #define HAVE_STRCHR 1
| #define HAVE_STRERROR 1
| #define HAVE_GETTIMEOFDAY 1
| #define HAVE_STRCASECMP 1
| #define TIME_WITH_SYS_TIME 1
| /* end confdefs.h.  */
| 
| /* Override any gcc2 internal prototype to avoid an error.  */
| #ifdef __cplusplus
| extern "C"
| #endif
| /* We use char because int might match the return type of a gcc2
|    builtin and then its argument prototype would still apply.  */
| char sqrt ();
| int
| main ()
| {
| sqrt ();
|   ;
|   return 0;
| }
configure:5346: gcc -o conftest -g -O2 -Wall   conftest.c -lm   >&5
conftest.c:52: warning: conflicting types for built-in function 'sqrt'
configure:5352: $? = 0
configure:5356: test -z 
			 || test ! -s conftest.err
configure:5359: $? = 0
configure:5362: test -s conftest
configure:5365: $? = 0
configure:5380: result: -lm
configure:5395: checking for library containing fftw_execute
configure:5425: gcc -o conftest -g -O2 -Wall   conftest.c -lm  >&5
/tmp/ccAdMhTO.o: In function `main':
/home/mmahut/fedora/sidd/sidd-1.0/conftest.c:56: undefined reference to `fftw_execute'
collect2: ld returned 1 exit status
configure:5431: $? = 1
configure: failed program was:
| /* confdefs.h.  */
| 
| #define PACKAGE_NAME "sidd"
| #define PACKAGE_TARNAME "sidd"
| #define PACKAGE_VERSION "1.0"
| #define PACKAGE_STRING "sidd 1.0"
| #define PACKAGE_BUGREPORT "sid0807@abelian.org"
| #define _FILE_OFFSET_BITS 64
| #define HAVE_LONG_FILE_NAMES 1
| #define STDC_HEADERS 1
| #define HAVE_SYS_WAIT_H 1
| #define HAVE_SYS_TYPES_H 1
| #define HAVE_SYS_STAT_H 1
| #define HAVE_STDLIB_H 1
| #define HAVE_STRING_H 1
| #define HAVE_MEMORY_H 1
| #define HAVE_STRINGS_H 1
| #define HAVE_INTTYPES_H 1
| #define HAVE_STDINT_H 1
| #define HAVE_UNISTD_H 1
| #define HAVE_FCNTL_H 1
| #define HAVE_STDINT_H 1
| #define HAVE_STDLIB_H 1
| #define HAVE_STRING_H 1
| #define HAVE_SYS_IOCTL_H 1
| #define HAVE_UNISTD_H 1
| #define HAVE_UNISTD_H 1
| #define HAVE_FORK 1
| #define HAVE_VFORK 1
| #define HAVE_WORKING_VFORK 1
| #define HAVE_WORKING_FORK 1
| #define HAVE_STDLIB_H 1
| #define HAVE_MALLOC 1
| #define SETPGRP_VOID 1
| #define LSTAT_FOLLOWS_SLASHED_SYMLINK 1
| #define HAVE_VPRINTF 1
| #define HAVE_MEMSET 1
| #define HAVE_MKDIR 1
| #define HAVE_STRCHR 1
| #define HAVE_STRERROR 1
| #define HAVE_GETTIMEOFDAY 1
| #define HAVE_STRCASECMP 1
| #define TIME_WITH_SYS_TIME 1
| /* end confdefs.h.  */
| 
| /* Override any gcc2 internal prototype to avoid an error.  */
| #ifdef __cplusplus
| extern "C"
| #endif
| /* We use char because int might match the return type of a gcc2
|    builtin and then its argument prototype would still apply.  */
| char fftw_execute ();
| int
| main ()
| {
| fftw_execute ();
|   ;
|   return 0;
| }
configure:5480: gcc -o conftest -g -O2 -Wall   conftest.c -lfftw3  -lm  >&5
configure:5486: $? = 0
configure:5490: test -z 
			 || test ! -s conftest.err
configure:5493: $? = 0
configure:5496: test -s conftest
configure:5499: $? = 0
configure:5514: result: -lfftw3
configure:5530: checking for library containing snd_pcm_open
configure:5560: gcc -o conftest -g -O2 -Wall   conftest.c -lfftw3 -lm  >&5
/tmp/cck1om58.o: In function `main':
/home/mmahut/fedora/sidd/sidd-1.0/conftest.c:56: undefined reference to `snd_pcm_open'
collect2: ld returned 1 exit status
configure:5566: $? = 1
configure: failed program was:
| /* confdefs.h.  */
| 
| #define PACKAGE_NAME "sidd"
| #define PACKAGE_TARNAME "sidd"
| #define PACKAGE_VERSION "1.0"
| #define PACKAGE_STRING "sidd 1.0"
| #define PACKAGE_BUGREPORT "sid0807@abelian.org"
| #define _FILE_OFFSET_BITS 64
| #define HAVE_LONG_FILE_NAMES 1
| #define STDC_HEADERS 1
| #define HAVE_SYS_WAIT_H 1
| #define HAVE_SYS_TYPES_H 1
| #define HAVE_SYS_STAT_H 1
| #define HAVE_STDLIB_H 1
| #define HAVE_STRING_H 1
| #define HAVE_MEMORY_H 1
| #define HAVE_STRINGS_H 1
| #define HAVE_INTTYPES_H 1
| #define HAVE_STDINT_H 1
| #define HAVE_UNISTD_H 1
| #define HAVE_FCNTL_H 1
| #define HAVE_STDINT_H 1
| #define HAVE_STDLIB_H 1
| #define HAVE_STRING_H 1
| #define HAVE_SYS_IOCTL_H 1
| #define HAVE_UNISTD_H 1
| #define HAVE_UNISTD_H 1
| #define HAVE_FORK 1
| #define HAVE_VFORK 1
| #define HAVE_WORKING_VFORK 1
| #define HAVE_WORKING_FORK 1
| #define HAVE_STDLIB_H 1
| #define HAVE_MALLOC 1
| #define SETPGRP_VOID 1
| #define LSTAT_FOLLOWS_SLASHED_SYMLINK 1
| #define HAVE_VPRINTF 1
| #define HAVE_MEMSET 1
| #define HAVE_MKDIR 1
| #define HAVE_STRCHR 1
| #define HAVE_STRERROR 1
| #define HAVE_GETTIMEOFDAY 1
| #define HAVE_STRCASECMP 1
| #define TIME_WITH_SYS_TIME 1
| /* end confdefs.h.  */
| 
| /* Override any gcc2 internal prototype to avoid an error.  */
| #ifdef __cplusplus
| extern "C"
| #endif
| /* We use char because int might match the return type of a gcc2
|    builtin and then its argument prototype would still apply.  */
| char snd_pcm_open ();
| int
| main ()
| {
| snd_pcm_open ();
|   ;
|   return 0;
| }
configure:5615: gcc -o conftest -g -O2 -Wall   conftest.c -lasound  -lfftw3 -lm  >&5
configure:5621: $? = 0
configure:5625: test -z 
			 || test ! -s conftest.err
configure:5628: $? = 0
configure:5631: test -s conftest
configure:5634: $? = 0
configure:5649: result: -lasound
configure:5923: creating ./config.status

## ---------------------- ##
## Running config.status. ##
## ---------------------- ##

This file was extended by sidd config.status 1.0, which was
generated by GNU Autoconf 2.59.  Invocation command line was

  CONFIG_FILES    = 
  CONFIG_HEADERS  = 
  CONFIG_LINKS    = 
  CONFIG_COMMANDS = 
  $ ./config.status 

on mmahut

config.status:641: creating Makefile
config.status:744: creating config.h
config.status:916: config.h is unchanged

## ---------------- ##
## Cache variables. ##
## ---------------- ##

ac_cv_c_bigendian=no
ac_cv_c_compiler_gnu=yes
ac_cv_c_inline=inline
ac_cv_env_CC_set=
ac_cv_env_CC_value=
ac_cv_env_CFLAGS_set=
ac_cv_env_CFLAGS_value=
ac_cv_env_CPPFLAGS_set=
ac_cv_env_CPPFLAGS_value=
ac_cv_env_CPP_set=
ac_cv_env_CPP_value=
ac_cv_env_LDFLAGS_set=
ac_cv_env_LDFLAGS_value=
ac_cv_env_build_alias_set=
ac_cv_env_build_alias_value=
ac_cv_env_host_alias_set=
ac_cv_env_host_alias_value=
ac_cv_env_target_alias_set=
ac_cv_env_target_alias_value=
ac_cv_exeext=
ac_cv_func__doprnt=no
ac_cv_func_fork=yes
ac_cv_func_fork_works=yes
ac_cv_func_gettimeofday=yes
ac_cv_func_lstat_dereferences_slashed_symlink=yes
ac_cv_func_malloc_0_nonnull=yes
ac_cv_func_memset=yes
ac_cv_func_mkdir=yes
ac_cv_func_rint=no
ac_cv_func_setpgrp_void=yes
ac_cv_func_sqrt=no
ac_cv_func_stat_empty_string_bug=no
ac_cv_func_strcasecmp=yes
ac_cv_func_strchr=yes
ac_cv_func_strerror=yes
ac_cv_func_vfork=yes
ac_cv_func_vfork_works=yes
ac_cv_func_vprintf=yes
ac_cv_header_fcntl_h=yes
ac_cv_header_inttypes_h=yes
ac_cv_header_memory_h=yes
ac_cv_header_stdc=yes
ac_cv_header_stdint_h=yes
ac_cv_header_stdlib_h=yes
ac_cv_header_string_h=yes
ac_cv_header_strings_h=yes
ac_cv_header_sys_ioctl_h=yes
ac_cv_header_sys_stat_h=yes
ac_cv_header_sys_types_h=yes
ac_cv_header_sys_wait_h=yes
ac_cv_header_time=yes
ac_cv_header_unistd_h=yes
ac_cv_header_vfork_h=no
ac_cv_objext=o
ac_cv_prog_CPP='gcc -E'
ac_cv_prog_ac_ct_CC=gcc
ac_cv_prog_cc_g=yes
ac_cv_prog_cc_stdc=
ac_cv_prog_egrep='grep -E'
ac_cv_prog_gcc_traditional=no
ac_cv_search_fftw_execute=-lfftw3
ac_cv_search_snd_pcm_open=-lasound
ac_cv_search_sqrt=-lm
ac_cv_struct_tm=time.h
ac_cv_sys_file_offset_bits=64
ac_cv_sys_large_files=no
ac_cv_sys_largefile_CC=no
ac_cv_sys_long_file_names=yes
ac_cv_type_pid_t=yes

## ----------------- ##
## Output variables. ##
## ----------------- ##

CC='gcc'
CFLAGS='-g -O2 -Wall'
CPP='gcc -E'
CPPFLAGS=''
DEFS='-DHAVE_CONFIG_H'
ECHO_C=''
ECHO_N='-n'
ECHO_T=''
EGREP='grep -E'
EXEEXT=''
LDFLAGS=''
LIBOBJS=''
LIBS='-lasound -lfftw3 -lm '
LTLIBOBJS=''
OBJEXT='o'
PACKAGE_BUGREPORT='sid0807@abelian.org'
PACKAGE_NAME='sidd'
PACKAGE_STRING='sidd 1.0'
PACKAGE_TARNAME='sidd'
PACKAGE_VERSION='1.0'
PATH_SEPARATOR=':'
SHELL='/bin/sh'
ac_ct_CC='gcc'
bindir='${exec_prefix}/bin'
build_alias=''
datadir='${prefix}/share'
exec_prefix='${prefix}'
host_alias=''
includedir='/usr/include'
infodir='${prefix}/info'
libdir='${exec_prefix}/lib'
libexecdir='${exec_prefix}/libexec'
localstatedir='${prefix}/var'
mandir='${prefix}/man'
oldincludedir='/usr/include'
prefix='/usr/local'
program_transform_name='s,x,x,'
sbindir='${exec_prefix}/sbin'
sharedstatedir='${prefix}/com'
sysconfdir='${prefix}/etc'
target_alias=''

## ----------- ##
## confdefs.h. ##
## ----------- ##

#define ALSA 1
#define HAVE_FCNTL_H 1
#define HAVE_FORK 1
#define HAVE_GETTIMEOFDAY 1
#define HAVE_INTTYPES_H 1
#define HAVE_LONG_FILE_NAMES 1
#define HAVE_MALLOC 1
#define HAVE_MEMORY_H 1
#define HAVE_MEMSET 1
#define HAVE_MKDIR 1
#define HAVE_STDINT_H 1
#define HAVE_STDINT_H 1
#define HAVE_STDLIB_H 1
#define HAVE_STDLIB_H 1
#define HAVE_STDLIB_H 1
#define HAVE_STRCASECMP 1
#define HAVE_STRCHR 1
#define HAVE_STRERROR 1
#define HAVE_STRINGS_H 1
#define HAVE_STRING_H 1
#define HAVE_STRING_H 1
#define HAVE_SYS_IOCTL_H 1
#define HAVE_SYS_STAT_H 1
#define HAVE_SYS_TYPES_H 1
#define HAVE_SYS_WAIT_H 1
#define HAVE_UNISTD_H 1
#define HAVE_UNISTD_H 1
#define HAVE_UNISTD_H 1
#define HAVE_VFORK 1
#define HAVE_VPRINTF 1
#define HAVE_WORKING_FORK 1
#define HAVE_WORKING_VFORK 1
#define LSTAT_FOLLOWS_SLASHED_SYMLINK 1
#define PACKAGE_BUGREPORT "sid0807@abelian.org"
#define PACKAGE_NAME "sidd"
#define PACKAGE_STRING "sidd 1.0"
#define PACKAGE_TARNAME "sidd"
#define PACKAGE_VERSION "1.0"
#define SETPGRP_VOID 1
#define STDC_HEADERS 1
#define TIME_WITH_SYS_TIME 1
#define _FILE_OFFSET_BITS 64

configure: exit 0
